2015-11-10 15:26:56 10fc InnoDB: Warning: Using innodb_additional_mem_pool_size is DEPRECATED. This option may be removed in future releases, together with the option innodb_use_sys_malloc and with the InnoDB's internal memory allocator.
2015-11-10 15:26:56 4348 [Note] InnoDB: Using mutexes to ref count buffer pool pages
2015-11-10 15:26:56 4348 [Note] InnoDB: The InnoDB memory heap is disabled
2015-11-10 15:26:56 4348 [Note] InnoDB: Mutexes and rw_locks use Windows interlocked functions
2015-11-10 15:26:56 4348 [Note] InnoDB: Memory barrier is not used
2015-11-10 15:26:56 4348 [Note] InnoDB: Compressed tables use zlib 1.2.3
2015-11-10 15:26:56 4348 [Note] InnoDB: Not using CPU crc32 instructions
2015-11-10 15:26:56 4348 [Note] InnoDB: Initializing buffer pool, size = 16.0M
2015-11-10 15:26:56 4348 [Note] InnoDB: Completed initialization of buffer pool
2015-11-10 15:26:56 4348 [Note] InnoDB: Highest supported file format is Barracuda.
2015-11-10 15:26:57 4348 [Note] InnoDB: 128 rollback segment(s) are active.
2015-11-10 15:26:57 4348 [Note] InnoDB: Waiting for purge to start
2015-11-10 15:26:57 4348 [Note] InnoDB:  Percona XtraDB (http://www.percona.com) 5.6.26-74.0 started; log sequence number 1835027
2015-11-10 15:26:57 6140 [Note] InnoDB: Dumping buffer pool(s) not yet started
2015-11-10 15:26:57 4348 [Note] Plugin 'FEEDBACK' is disabled.
2015-11-10 15:26:57 4348 [Note] Server socket created on IP: '::'.
2015-11-10 15:26:57 4348 [Note] Event Scheduler: Loaded 0 events
2015-11-10 15:26:57 4348 [Note] C:\xampp\mysql\bin\mysqld.exe: ready for connections.
Version: '10.1.8-MariaDB'  socket: ''  port: 3306  mariadb.org binary distribution
2015-11-10 15:27:11 5152 [Note] C:\xampp\mysql\bin\mysqld.exe: Normal shutdown

2015-11-10 15:27:11 5152 [Note] Event Scheduler: Purging the queue. 0 events
2015-11-10 15:27:11 5732 [Note] InnoDB: FTS optimize thread exiting.
2015-11-10 15:27:11 5152 [Note] InnoDB: Starting shutdown...
2015-11-10 15:27:13 5152 [Note] InnoDB: Shutdown completed; log sequence number 1835037
2015-11-10 15:27:13 5152 [Note] C:\xampp\mysql\bin\mysqld.exe: Shutdown complete

2018-05-16 19:59:37 3194 InnoDB: Warning: Using innodb_additional_mem_pool_size is DEPRECATED. This option may be removed in future releases, together with the option innodb_use_sys_malloc and with the InnoDB's internal memory allocator.
2018-05-16 19:59:37 12692 [Note] InnoDB: innodb_empty_free_list_algorithm has been changed to legacy because of small buffer pool size. In order to use backoff, increase buffer pool at least up to 20MB.

2018-05-16 19:59:37 12692 [Note] InnoDB: Using mutexes to ref count buffer pool pages
2018-05-16 19:59:37 12692 [Note] InnoDB: The InnoDB memory heap is disabled
2018-05-16 19:59:37 12692 [Note] InnoDB: Mutexes and rw_locks use Windows interlocked functions
2018-05-16 19:59:37 12692 [Note] InnoDB: _mm_lfence() and _mm_sfence() are used for memory barrier
2018-05-16 19:59:37 12692 [Note] InnoDB: Compressed tables use zlib 1.2.3
2018-05-16 19:59:37 12692 [Note] InnoDB: Using generic crc32 instructions
2018-05-16 19:59:37 12692 [Note] InnoDB: Initializing buffer pool, size = 16.0M
2018-05-16 19:59:37 12692 [Note] InnoDB: Completed initialization of buffer pool
2018-05-16 19:59:37 12692 [Note] InnoDB: Highest supported file format is Barracuda.
2018-05-16 19:59:38 12692 [Note] InnoDB: 128 rollback segment(s) are active.
2018-05-16 19:59:38 12692 [Note] InnoDB: Waiting for purge to start
2018-05-16 19:59:38 12692 [Note] InnoDB:  Percona XtraDB (http://www.percona.com) 5.6.38-83.0 started; log sequence number 1835037
2018-05-16 19:59:38 3744 [Note] InnoDB: Dumping buffer pool(s) not yet started
2018-05-16 19:59:38 12692 [Note] Plugin 'FEEDBACK' is disabled.
2018-05-16 19:59:38 12692 [Note] Server socket created on IP: '::'.
2018-05-16 19:59:38 12692 [Note] c:\xampp\mysql\bin\mysqld.exe: ready for connections.
Version: '10.1.32-MariaDB'  socket: ''  port: 3306  mariadb.org binary distribution
2018-05-17 19:28:44 64c InnoDB: Warning: Using innodb_additional_mem_pool_size is DEPRECATED. This option may be removed in future releases, together with the option innodb_use_sys_malloc and with the InnoDB's internal memory allocator.
2018-05-17 19:28:44 1612 [Note] InnoDB: innodb_empty_free_list_algorithm has been changed to legacy because of small buffer pool size. In order to use backoff, increase buffer pool at least up to 20MB.

2018-05-17 19:28:44 1612 [Note] InnoDB: Using mutexes to ref count buffer pool pages
2018-05-17 19:28:44 1612 [Note] InnoDB: The InnoDB memory heap is disabled
2018-05-17 19:28:44 1612 [Note] InnoDB: Mutexes and rw_locks use Windows interlocked functions
2018-05-17 19:28:44 1612 [Note] InnoDB: _mm_lfence() and _mm_sfence() are used for memory barrier
2018-05-17 19:28:44 1612 [Note] InnoDB: Compressed tables use zlib 1.2.3
2018-05-17 19:28:44 1612 [Note] InnoDB: Using generic crc32 instructions
2018-05-17 19:28:44 1612 [Note] InnoDB: Initializing buffer pool, size = 16.0M
2018-05-17 19:28:45 1612 [Note] InnoDB: Completed initialization of buffer pool
2018-05-17 19:28:45 1612 [Note] InnoDB: Highest supported file format is Barracuda.
2018-05-17 19:28:45 1612 [Note] InnoDB: The log sequence number 1835037 in ibdata file do not match the log sequence number 1835047 in the ib_logfiles!
2018-05-17 19:28:47 1612 [Note] InnoDB: Restoring possible half-written data pages from the doublewrite buffer...
2018-05-17 19:28:51 1612 [Note] InnoDB: 128 rollback segment(s) are active.
2018-05-17 19:28:51 1612 [Note] InnoDB: Waiting for purge to start
2018-05-17 19:28:51 1612 [Note] InnoDB:  Percona XtraDB (http://www.percona.com) 5.6.38-83.0 started; log sequence number 1835047
2018-05-17 19:28:51 10828 [Note] InnoDB: Dumping buffer pool(s) not yet started
2018-05-17 19:28:51 1612 [Note] Plugin 'FEEDBACK' is disabled.
2018-05-17 19:28:52 1612 [Note] Server socket created on IP: '::'.
2018-05-17 19:28:53 1612 [Note] c:\xampp\mysql\bin\mysqld.exe: ready for connections.
Version: '10.1.32-MariaDB'  socket: ''  port: 3306  mariadb.org binary distribution
2018-05-22 17:18:38 2dd8 InnoDB: Warning: Using innodb_additional_mem_pool_size is DEPRECATED. This option may be removed in future releases, together with the option innodb_use_sys_malloc and with the InnoDB's internal memory allocator.
2018-05-22 17:18:38 11736 [Note] InnoDB: innodb_empty_free_list_algorithm has been changed to legacy because of small buffer pool size. In order to use backoff, increase buffer pool at least up to 20MB.

2018-05-22 17:18:38 11736 [Note] InnoDB: Using mutexes to ref count buffer pool pages
2018-05-22 17:18:38 11736 [Note] InnoDB: The InnoDB memory heap is disabled
2018-05-22 17:18:38 11736 [Note] InnoDB: Mutexes and rw_locks use Windows interlocked functions
2018-05-22 17:18:38 11736 [Note] InnoDB: _mm_lfence() and _mm_sfence() are used for memory barrier
2018-05-22 17:18:38 11736 [Note] InnoDB: Compressed tables use zlib 1.2.3
2018-05-22 17:18:39 11736 [Note] InnoDB: Using generic crc32 instructions
2018-05-22 17:18:39 11736 [Note] InnoDB: Initializing buffer pool, size = 16.0M
2018-05-22 17:18:39 11736 [Note] InnoDB: Completed initialization of buffer pool
2018-05-22 17:18:40 11736 [Note] InnoDB: Highest supported file format is Barracuda.
2018-05-22 17:18:40 11736 [Note] InnoDB: The log sequence number 1835037 in ibdata file do not match the log sequence number 1835057 in the ib_logfiles!
2018-05-22 17:18:43 11736 [Note] InnoDB: Restoring possible half-written data pages from the doublewrite buffer...
2018-05-22 17:18:49 11736 [Note] InnoDB: 128 rollback segment(s) are active.
2018-05-22 17:18:49 11736 [Note] InnoDB: Waiting for purge to start
2018-05-22 17:18:49 11736 [Note] InnoDB:  Percona XtraDB (http://www.percona.com) 5.6.38-83.0 started; log sequence number 1835057
2018-05-22 17:18:50 11272 [Note] InnoDB: Dumping buffer pool(s) not yet started
2018-05-22 17:18:50 11736 [Note] Plugin 'FEEDBACK' is disabled.
2018-05-22 17:18:51 11736 [Note] Server socket created on IP: '::'.
2018-05-22 17:18:54 11736 [Note] c:\xampp\mysql\bin\mysqld.exe: ready for connections.
Version: '10.1.32-MariaDB'  socket: ''  port: 3306  mariadb.org binary distribution
2018-05-23 09:21:51 2170 InnoDB: Warning: Using innodb_additional_mem_pool_size is DEPRECATED. This option may be removed in future releases, together with the option innodb_use_sys_malloc and with the InnoDB's internal memory allocator.
2018-05-23  9:21:51 8560 [Note] InnoDB: innodb_empty_free_list_algorithm has been changed to legacy because of small buffer pool size. In order to use backoff, increase buffer pool at least up to 20MB.

2018-05-23  9:21:51 8560 [Note] InnoDB: Using mutexes to ref count buffer pool pages
2018-05-23  9:21:51 8560 [Note] InnoDB: The InnoDB memory heap is disabled
2018-05-23  9:21:51 8560 [Note] InnoDB: Mutexes and rw_locks use Windows interlocked functions
2018-05-23  9:21:51 8560 [Note] InnoDB: _mm_lfence() and _mm_sfence() are used for memory barrier
2018-05-23  9:21:51 8560 [Note] InnoDB: Compressed tables use zlib 1.2.3
2018-05-23  9:21:51 8560 [Note] InnoDB: Using generic crc32 instructions
2018-05-23  9:21:51 8560 [Note] InnoDB: Initializing buffer pool, size = 16.0M
2018-05-23  9:21:51 8560 [Note] InnoDB: Completed initialization of buffer pool
2018-05-23  9:21:52 8560 [Note] InnoDB: Highest supported file format is Barracuda.
2018-05-23  9:21:52 8560 [Note] InnoDB: The log sequence number 1835037 in ibdata file do not match the log sequence number 3054442 in the ib_logfiles!
2018-05-23  9:21:54 8560 [Note] InnoDB: Restoring possible half-written data pages from the doublewrite buffer...
2018-05-23  9:21:59 8560 [Note] InnoDB: 128 rollback segment(s) are active.
2018-05-23  9:21:59 8560 [Note] InnoDB: Waiting for purge to start
2018-05-23  9:21:59 8560 [Note] InnoDB:  Percona XtraDB (http://www.percona.com) 5.6.38-83.0 started; log sequence number 3054442
2018-05-23  9:21:59 5020 [Note] InnoDB: Dumping buffer pool(s) not yet started
2018-05-23  9:22:00 8560 [Note] Plugin 'FEEDBACK' is disabled.
2018-05-23  9:22:00 8560 [Note] Server socket created on IP: '::'.
2018-05-23  9:22:01 8560 [Note] c:\xampp\mysql\bin\mysqld.exe: ready for connections.
Version: '10.1.32-MariaDB'  socket: ''  port: 3306  mariadb.org binary distribution
