[Wed May 16 19:51:30.116052 2018] [ssl:warn] [pid 8572:tid 668] AH01909: www.example.com:443:0 server certificate does NOT include an ID which matches the server name
[Wed May 16 19:51:30.224739 2018] [ssl:warn] [pid 8572:tid 668] AH01909: www.example.com:443:0 server certificate does NOT include an ID which matches the server name
[Wed May 16 19:51:30.326204 2018] [mpm_winnt:notice] [pid 8572:tid 668] AH00455: Apache/2.4.33 (Win32) OpenSSL/1.1.0h PHP/7.2.5 configured -- resuming normal operations
[Wed May 16 19:51:30.326204 2018] [mpm_winnt:notice] [pid 8572:tid 668] AH00456: Apache Lounge VC15 Server built: Mar 28 2018 12:12:41
[Wed May 16 19:51:30.326702 2018] [core:notice] [pid 8572:tid 668] AH00094: Command line: 'C:\\xampp\\apache\\bin\\httpd.exe -d C:/xampp/apache'
[Wed May 16 19:51:30.336728 2018] [mpm_winnt:notice] [pid 8572:tid 668] AH00418: Parent: Created child process 7336
[Wed May 16 19:51:31.123768 2018] [ssl:warn] [pid 7336:tid 180] AH01909: www.example.com:443:0 server certificate does NOT include an ID which matches the server name
[Wed May 16 19:51:31.376924 2018] [ssl:warn] [pid 7336:tid 180] AH01909: www.example.com:443:0 server certificate does NOT include an ID which matches the server name
[Wed May 16 19:51:31.442319 2018] [mpm_winnt:notice] [pid 7336:tid 180] AH00354: Child: Starting 150 worker threads.
[Wed May 16 19:59:32.406844 2018] [ssl:warn] [pid 14032:tid 540] AH01909: www.example.com:443:0 server certificate does NOT include an ID which matches the server name
[Wed May 16 19:59:32.556544 2018] [ssl:warn] [pid 14032:tid 540] AH01909: www.example.com:443:0 server certificate does NOT include an ID which matches the server name
[Wed May 16 19:59:32.627930 2018] [mpm_winnt:notice] [pid 14032:tid 540] AH00455: Apache/2.4.33 (Win32) OpenSSL/1.1.0h PHP/7.2.5 configured -- resuming normal operations
[Wed May 16 19:59:32.627930 2018] [mpm_winnt:notice] [pid 14032:tid 540] AH00456: Apache Lounge VC15 Server built: Mar 28 2018 12:12:41
[Wed May 16 19:59:32.627930 2018] [core:notice] [pid 14032:tid 540] AH00094: Command line: 'c:\\xampp\\apache\\bin\\httpd.exe -d C:/xampp/apache'
[Wed May 16 19:59:32.633934 2018] [mpm_winnt:notice] [pid 14032:tid 540] AH00418: Parent: Created child process 8660
[Wed May 16 19:59:33.561430 2018] [ssl:warn] [pid 8660:tid 748] AH01909: www.example.com:443:0 server certificate does NOT include an ID which matches the server name
[Wed May 16 19:59:33.709093 2018] [ssl:warn] [pid 8660:tid 748] AH01909: www.example.com:443:0 server certificate does NOT include an ID which matches the server name
[Wed May 16 19:59:33.771656 2018] [mpm_winnt:notice] [pid 8660:tid 748] AH00354: Child: Starting 150 worker threads.
[Thu May 17 19:28:47.874170 2018] [ssl:warn] [pid 10068:tid 680] AH01909: www.example.com:443:0 server certificate does NOT include an ID which matches the server name
[Thu May 17 19:28:48.129458 2018] [core:warn] [pid 10068:tid 680] AH00098: pid file C:/xampp/apache/logs/httpd.pid overwritten -- Unclean shutdown of previous Apache run?
[Thu May 17 19:28:48.139503 2018] [ssl:warn] [pid 10068:tid 680] AH01909: www.example.com:443:0 server certificate does NOT include an ID which matches the server name
[Thu May 17 19:28:52.869503 2018] [mpm_winnt:notice] [pid 10068:tid 680] AH00455: Apache/2.4.33 (Win32) OpenSSL/1.1.0h PHP/7.2.5 configured -- resuming normal operations
[Thu May 17 19:28:52.869503 2018] [mpm_winnt:notice] [pid 10068:tid 680] AH00456: Apache Lounge VC15 Server built: Mar 28 2018 12:12:41
[Thu May 17 19:28:52.869503 2018] [core:notice] [pid 10068:tid 680] AH00094: Command line: 'c:\\xampp\\apache\\bin\\httpd.exe -d C:/xampp/apache'
[Thu May 17 19:28:52.880485 2018] [mpm_winnt:notice] [pid 10068:tid 680] AH00418: Parent: Created child process 3904
[Thu May 17 19:28:53.696633 2018] [ssl:warn] [pid 3904:tid 692] AH01909: www.example.com:443:0 server certificate does NOT include an ID which matches the server name
[Thu May 17 19:28:53.804223 2018] [ssl:warn] [pid 3904:tid 692] AH01909: www.example.com:443:0 server certificate does NOT include an ID which matches the server name
[Thu May 17 19:28:53.872487 2018] [mpm_winnt:notice] [pid 3904:tid 692] AH00354: Child: Starting 150 worker threads.
[Tue May 22 17:18:54.289167 2018] [ssl:warn] [pid 5940:tid 644] AH01909: www.example.com:443:0 server certificate does NOT include an ID which matches the server name
[Tue May 22 17:18:54.766584 2018] [core:warn] [pid 5940:tid 644] AH00098: pid file C:/xampp/apache/logs/httpd.pid overwritten -- Unclean shutdown of previous Apache run?
[Tue May 22 17:18:54.771590 2018] [ssl:warn] [pid 5940:tid 644] AH01909: www.example.com:443:0 server certificate does NOT include an ID which matches the server name
[Tue May 22 17:19:05.395455 2018] [mpm_winnt:notice] [pid 5940:tid 644] AH00455: Apache/2.4.33 (Win32) OpenSSL/1.1.0h PHP/7.2.5 configured -- resuming normal operations
[Tue May 22 17:19:05.395951 2018] [mpm_winnt:notice] [pid 5940:tid 644] AH00456: Apache Lounge VC15 Server built: Mar 28 2018 12:12:41
[Tue May 22 17:19:05.395951 2018] [core:notice] [pid 5940:tid 644] AH00094: Command line: 'c:\\xampp\\apache\\bin\\httpd.exe -d C:/xampp/apache'
[Tue May 22 17:19:09.397073 2018] [mpm_winnt:notice] [pid 5940:tid 644] AH00418: Parent: Created child process 7912
[Tue May 22 17:19:10.909438 2018] [ssl:warn] [pid 7912:tid 592] AH01909: www.example.com:443:0 server certificate does NOT include an ID which matches the server name
[Tue May 22 17:19:11.080087 2018] [ssl:warn] [pid 7912:tid 592] AH01909: www.example.com:443:0 server certificate does NOT include an ID which matches the server name
[Tue May 22 17:19:11.232695 2018] [mpm_winnt:notice] [pid 7912:tid 592] AH00354: Child: Starting 150 worker threads.
[Tue May 22 17:38:50.471521 2018] [php7:warn] [pid 7912:tid 1948] [client ::1:25218] PHP Warning:  Use of undefined constant DB_USER - assumed 'DB_USER' (this will throw an Error in a future version of PHP) in C:\\xampp\\htdocs\\wordpress\\wp-includes\\load.php on line 404, referer: http://localhost/
[Tue May 22 17:38:50.472022 2018] [php7:warn] [pid 7912:tid 1948] [client ::1:25218] PHP Warning:  Use of undefined constant DB_PASSWORD - assumed 'DB_PASSWORD' (this will throw an Error in a future version of PHP) in C:\\xampp\\htdocs\\wordpress\\wp-includes\\load.php on line 404, referer: http://localhost/
[Tue May 22 17:38:50.472022 2018] [php7:warn] [pid 7912:tid 1948] [client ::1:25218] PHP Warning:  Use of undefined constant DB_NAME - assumed 'DB_NAME' (this will throw an Error in a future version of PHP) in C:\\xampp\\htdocs\\wordpress\\wp-includes\\load.php on line 404, referer: http://localhost/
[Tue May 22 17:38:50.472522 2018] [php7:warn] [pid 7912:tid 1948] [client ::1:25218] PHP Warning:  Use of undefined constant DB_HOST - assumed 'DB_HOST' (this will throw an Error in a future version of PHP) in C:\\xampp\\htdocs\\wordpress\\wp-includes\\load.php on line 404, referer: http://localhost/
[Tue May 22 17:39:08.287226 2018] [php7:warn] [pid 7912:tid 1952] [client ::1:25229] PHP Warning:  Use of undefined constant DB_USER - assumed 'DB_USER' (this will throw an Error in a future version of PHP) in C:\\xampp\\htdocs\\wordpress\\wp-includes\\load.php on line 404, referer: http://localhost/wordpress/wp-admin/setup-config.php
[Tue May 22 17:39:08.287726 2018] [php7:warn] [pid 7912:tid 1952] [client ::1:25229] PHP Warning:  Use of undefined constant DB_PASSWORD - assumed 'DB_PASSWORD' (this will throw an Error in a future version of PHP) in C:\\xampp\\htdocs\\wordpress\\wp-includes\\load.php on line 404, referer: http://localhost/wordpress/wp-admin/setup-config.php
[Tue May 22 17:39:08.287726 2018] [php7:warn] [pid 7912:tid 1952] [client ::1:25229] PHP Warning:  Use of undefined constant DB_NAME - assumed 'DB_NAME' (this will throw an Error in a future version of PHP) in C:\\xampp\\htdocs\\wordpress\\wp-includes\\load.php on line 404, referer: http://localhost/wordpress/wp-admin/setup-config.php
[Tue May 22 17:39:08.288226 2018] [php7:warn] [pid 7912:tid 1952] [client ::1:25229] PHP Warning:  Use of undefined constant DB_HOST - assumed 'DB_HOST' (this will throw an Error in a future version of PHP) in C:\\xampp\\htdocs\\wordpress\\wp-includes\\load.php on line 404, referer: http://localhost/wordpress/wp-admin/setup-config.php
[Tue May 22 17:39:22.272870 2018] [php7:warn] [pid 7912:tid 1952] [client ::1:25236] PHP Warning:  Use of undefined constant DB_USER - assumed 'DB_USER' (this will throw an Error in a future version of PHP) in C:\\xampp\\htdocs\\wordpress\\wp-includes\\load.php on line 404, referer: http://localhost/wordpress/wp-admin/setup-config.php?step=0
[Tue May 22 17:39:22.273368 2018] [php7:warn] [pid 7912:tid 1952] [client ::1:25236] PHP Warning:  Use of undefined constant DB_PASSWORD - assumed 'DB_PASSWORD' (this will throw an Error in a future version of PHP) in C:\\xampp\\htdocs\\wordpress\\wp-includes\\load.php on line 404, referer: http://localhost/wordpress/wp-admin/setup-config.php?step=0
[Tue May 22 17:39:22.273368 2018] [php7:warn] [pid 7912:tid 1952] [client ::1:25236] PHP Warning:  Use of undefined constant DB_NAME - assumed 'DB_NAME' (this will throw an Error in a future version of PHP) in C:\\xampp\\htdocs\\wordpress\\wp-includes\\load.php on line 404, referer: http://localhost/wordpress/wp-admin/setup-config.php?step=0
[Tue May 22 17:39:22.273869 2018] [php7:warn] [pid 7912:tid 1952] [client ::1:25236] PHP Warning:  Use of undefined constant DB_HOST - assumed 'DB_HOST' (this will throw an Error in a future version of PHP) in C:\\xampp\\htdocs\\wordpress\\wp-includes\\load.php on line 404, referer: http://localhost/wordpress/wp-admin/setup-config.php?step=0
[Tue May 22 17:39:46.126771 2018] [php7:warn] [pid 7912:tid 1952] [client ::1:25243] PHP Warning:  Use of undefined constant DB_USER - assumed 'DB_USER' (this will throw an Error in a future version of PHP) in C:\\xampp\\htdocs\\wordpress\\wp-includes\\load.php on line 404, referer: http://localhost/wordpress/wp-admin/setup-config.php?step=1&language=es_PE
[Tue May 22 17:39:46.127272 2018] [php7:warn] [pid 7912:tid 1952] [client ::1:25243] PHP Warning:  Use of undefined constant DB_PASSWORD - assumed 'DB_PASSWORD' (this will throw an Error in a future version of PHP) in C:\\xampp\\htdocs\\wordpress\\wp-includes\\load.php on line 404, referer: http://localhost/wordpress/wp-admin/setup-config.php?step=1&language=es_PE
[Tue May 22 17:39:46.127272 2018] [php7:warn] [pid 7912:tid 1952] [client ::1:25243] PHP Warning:  Use of undefined constant DB_NAME - assumed 'DB_NAME' (this will throw an Error in a future version of PHP) in C:\\xampp\\htdocs\\wordpress\\wp-includes\\load.php on line 404, referer: http://localhost/wordpress/wp-admin/setup-config.php?step=1&language=es_PE
[Tue May 22 17:39:46.127772 2018] [php7:warn] [pid 7912:tid 1952] [client ::1:25243] PHP Warning:  Use of undefined constant DB_HOST - assumed 'DB_HOST' (this will throw an Error in a future version of PHP) in C:\\xampp\\htdocs\\wordpress\\wp-includes\\load.php on line 404, referer: http://localhost/wordpress/wp-admin/setup-config.php?step=1&language=es_PE
[Tue May 22 17:44:37.361944 2018] [php7:warn] [pid 7912:tid 1948] [client ::1:25403] PHP Warning:  Use of undefined constant DB_USER - assumed 'DB_USER' (this will throw an Error in a future version of PHP) in C:\\xampp\\htdocs\\wordpress\\wp-includes\\load.php on line 404, referer: http://localhost/
[Tue May 22 17:44:37.361944 2018] [php7:warn] [pid 7912:tid 1948] [client ::1:25403] PHP Warning:  Use of undefined constant DB_PASSWORD - assumed 'DB_PASSWORD' (this will throw an Error in a future version of PHP) in C:\\xampp\\htdocs\\wordpress\\wp-includes\\load.php on line 404, referer: http://localhost/
[Tue May 22 17:44:37.362444 2018] [php7:warn] [pid 7912:tid 1948] [client ::1:25403] PHP Warning:  Use of undefined constant DB_NAME - assumed 'DB_NAME' (this will throw an Error in a future version of PHP) in C:\\xampp\\htdocs\\wordpress\\wp-includes\\load.php on line 404, referer: http://localhost/
[Tue May 22 17:44:37.362944 2018] [php7:warn] [pid 7912:tid 1948] [client ::1:25403] PHP Warning:  Use of undefined constant DB_HOST - assumed 'DB_HOST' (this will throw an Error in a future version of PHP) in C:\\xampp\\htdocs\\wordpress\\wp-includes\\load.php on line 404, referer: http://localhost/
[Tue May 22 17:44:44.135290 2018] [php7:warn] [pid 7912:tid 1936] [client ::1:25412] PHP Warning:  Use of undefined constant DB_USER - assumed 'DB_USER' (this will throw an Error in a future version of PHP) in C:\\xampp\\htdocs\\wordpress\\wp-includes\\load.php on line 404, referer: http://localhost/wordpress/wp-admin/setup-config.php
[Tue May 22 17:44:44.135290 2018] [php7:warn] [pid 7912:tid 1936] [client ::1:25412] PHP Warning:  Use of undefined constant DB_PASSWORD - assumed 'DB_PASSWORD' (this will throw an Error in a future version of PHP) in C:\\xampp\\htdocs\\wordpress\\wp-includes\\load.php on line 404, referer: http://localhost/wordpress/wp-admin/setup-config.php
[Tue May 22 17:44:44.135791 2018] [php7:warn] [pid 7912:tid 1936] [client ::1:25412] PHP Warning:  Use of undefined constant DB_NAME - assumed 'DB_NAME' (this will throw an Error in a future version of PHP) in C:\\xampp\\htdocs\\wordpress\\wp-includes\\load.php on line 404, referer: http://localhost/wordpress/wp-admin/setup-config.php
[Tue May 22 17:44:44.135791 2018] [php7:warn] [pid 7912:tid 1936] [client ::1:25412] PHP Warning:  Use of undefined constant DB_HOST - assumed 'DB_HOST' (this will throw an Error in a future version of PHP) in C:\\xampp\\htdocs\\wordpress\\wp-includes\\load.php on line 404, referer: http://localhost/wordpress/wp-admin/setup-config.php
[Tue May 22 17:45:31.907486 2018] [php7:warn] [pid 7912:tid 1936] [client ::1:25474] PHP Warning:  Use of undefined constant DB_USER - assumed 'DB_USER' (this will throw an Error in a future version of PHP) in C:\\xampp\\htdocs\\wordpress\\wp-includes\\load.php on line 404, referer: http://localhost/wordpress/wp-admin/setup-config.php?step=0
[Tue May 22 17:45:31.907987 2018] [php7:warn] [pid 7912:tid 1936] [client ::1:25474] PHP Warning:  Use of undefined constant DB_PASSWORD - assumed 'DB_PASSWORD' (this will throw an Error in a future version of PHP) in C:\\xampp\\htdocs\\wordpress\\wp-includes\\load.php on line 404, referer: http://localhost/wordpress/wp-admin/setup-config.php?step=0
[Tue May 22 17:45:31.908487 2018] [php7:warn] [pid 7912:tid 1936] [client ::1:25474] PHP Warning:  Use of undefined constant DB_NAME - assumed 'DB_NAME' (this will throw an Error in a future version of PHP) in C:\\xampp\\htdocs\\wordpress\\wp-includes\\load.php on line 404, referer: http://localhost/wordpress/wp-admin/setup-config.php?step=0
[Tue May 22 17:45:31.908487 2018] [php7:warn] [pid 7912:tid 1936] [client ::1:25474] PHP Warning:  Use of undefined constant DB_HOST - assumed 'DB_HOST' (this will throw an Error in a future version of PHP) in C:\\xampp\\htdocs\\wordpress\\wp-includes\\load.php on line 404, referer: http://localhost/wordpress/wp-admin/setup-config.php?step=0
[Tue May 22 17:45:40.967126 2018] [php7:warn] [pid 7912:tid 1936] [client ::1:25480] PHP Warning:  Use of undefined constant DB_USER - assumed 'DB_USER' (this will throw an Error in a future version of PHP) in C:\\xampp\\htdocs\\wordpress\\wp-includes\\load.php on line 404, referer: http://localhost/wordpress/wp-admin/setup-config.php?step=1&language=es_PE
[Tue May 22 17:45:40.967126 2018] [php7:warn] [pid 7912:tid 1936] [client ::1:25480] PHP Warning:  Use of undefined constant DB_PASSWORD - assumed 'DB_PASSWORD' (this will throw an Error in a future version of PHP) in C:\\xampp\\htdocs\\wordpress\\wp-includes\\load.php on line 404, referer: http://localhost/wordpress/wp-admin/setup-config.php?step=1&language=es_PE
[Tue May 22 17:45:40.967626 2018] [php7:warn] [pid 7912:tid 1936] [client ::1:25480] PHP Warning:  Use of undefined constant DB_NAME - assumed 'DB_NAME' (this will throw an Error in a future version of PHP) in C:\\xampp\\htdocs\\wordpress\\wp-includes\\load.php on line 404, referer: http://localhost/wordpress/wp-admin/setup-config.php?step=1&language=es_PE
[Tue May 22 17:45:40.967626 2018] [php7:warn] [pid 7912:tid 1936] [client ::1:25480] PHP Warning:  Use of undefined constant DB_HOST - assumed 'DB_HOST' (this will throw an Error in a future version of PHP) in C:\\xampp\\htdocs\\wordpress\\wp-includes\\load.php on line 404, referer: http://localhost/wordpress/wp-admin/setup-config.php?step=1&language=es_PE
[Tue May 22 17:46:16.742784 2018] [php7:warn] [pid 7912:tid 1936] [client ::1:25493] PHP Warning:  Use of undefined constant DB_USER - assumed 'DB_USER' (this will throw an Error in a future version of PHP) in C:\\xampp\\htdocs\\wordpress\\wp-includes\\load.php on line 404, referer: http://localhost/wordpress/wp-admin/setup-config.php?step=1&language=es_PE
[Tue May 22 17:46:16.743284 2018] [php7:warn] [pid 7912:tid 1936] [client ::1:25493] PHP Warning:  Use of undefined constant DB_PASSWORD - assumed 'DB_PASSWORD' (this will throw an Error in a future version of PHP) in C:\\xampp\\htdocs\\wordpress\\wp-includes\\load.php on line 404, referer: http://localhost/wordpress/wp-admin/setup-config.php?step=1&language=es_PE
[Tue May 22 17:46:16.743784 2018] [php7:warn] [pid 7912:tid 1936] [client ::1:25493] PHP Warning:  Use of undefined constant DB_NAME - assumed 'DB_NAME' (this will throw an Error in a future version of PHP) in C:\\xampp\\htdocs\\wordpress\\wp-includes\\load.php on line 404, referer: http://localhost/wordpress/wp-admin/setup-config.php?step=1&language=es_PE
[Tue May 22 17:46:16.743784 2018] [php7:warn] [pid 7912:tid 1936] [client ::1:25493] PHP Warning:  Use of undefined constant DB_HOST - assumed 'DB_HOST' (this will throw an Error in a future version of PHP) in C:\\xampp\\htdocs\\wordpress\\wp-includes\\load.php on line 404, referer: http://localhost/wordpress/wp-admin/setup-config.php?step=1&language=es_PE
[Tue May 22 18:00:37.473363 2018] [php7:warn] [pid 7912:tid 1936] [client ::1:25931] PHP Warning:  Use of undefined constant DB_USER - assumed 'DB_USER' (this will throw an Error in a future version of PHP) in C:\\xampp\\htdocs\\wordpress\\wp-includes\\load.php on line 404, referer: http://localhost/
[Tue May 22 18:00:37.473864 2018] [php7:warn] [pid 7912:tid 1936] [client ::1:25931] PHP Warning:  Use of undefined constant DB_PASSWORD - assumed 'DB_PASSWORD' (this will throw an Error in a future version of PHP) in C:\\xampp\\htdocs\\wordpress\\wp-includes\\load.php on line 404, referer: http://localhost/
[Tue May 22 18:00:37.474364 2018] [php7:warn] [pid 7912:tid 1936] [client ::1:25931] PHP Warning:  Use of undefined constant DB_NAME - assumed 'DB_NAME' (this will throw an Error in a future version of PHP) in C:\\xampp\\htdocs\\wordpress\\wp-includes\\load.php on line 404, referer: http://localhost/
[Tue May 22 18:00:37.474364 2018] [php7:warn] [pid 7912:tid 1936] [client ::1:25931] PHP Warning:  Use of undefined constant DB_HOST - assumed 'DB_HOST' (this will throw an Error in a future version of PHP) in C:\\xampp\\htdocs\\wordpress\\wp-includes\\load.php on line 404, referer: http://localhost/
[Tue May 22 18:00:50.388193 2018] [php7:warn] [pid 7912:tid 1956] [client ::1:25942] PHP Warning:  Use of undefined constant DB_USER - assumed 'DB_USER' (this will throw an Error in a future version of PHP) in C:\\xampp\\htdocs\\wordpress\\wp-includes\\load.php on line 404, referer: http://localhost/wordpress/wp-admin/setup-config.php
[Tue May 22 18:00:50.388694 2018] [php7:warn] [pid 7912:tid 1956] [client ::1:25942] PHP Warning:  Use of undefined constant DB_PASSWORD - assumed 'DB_PASSWORD' (this will throw an Error in a future version of PHP) in C:\\xampp\\htdocs\\wordpress\\wp-includes\\load.php on line 404, referer: http://localhost/wordpress/wp-admin/setup-config.php
[Tue May 22 18:00:50.389195 2018] [php7:warn] [pid 7912:tid 1956] [client ::1:25942] PHP Warning:  Use of undefined constant DB_NAME - assumed 'DB_NAME' (this will throw an Error in a future version of PHP) in C:\\xampp\\htdocs\\wordpress\\wp-includes\\load.php on line 404, referer: http://localhost/wordpress/wp-admin/setup-config.php
[Tue May 22 18:00:50.389695 2018] [php7:warn] [pid 7912:tid 1956] [client ::1:25942] PHP Warning:  Use of undefined constant DB_HOST - assumed 'DB_HOST' (this will throw an Error in a future version of PHP) in C:\\xampp\\htdocs\\wordpress\\wp-includes\\load.php on line 404, referer: http://localhost/wordpress/wp-admin/setup-config.php
[Tue May 22 18:00:52.692790 2018] [php7:warn] [pid 7912:tid 1932] [client ::1:25945] PHP Warning:  Use of undefined constant DB_USER - assumed 'DB_USER' (this will throw an Error in a future version of PHP) in C:\\xampp\\htdocs\\wordpress\\wp-includes\\load.php on line 404, referer: http://localhost/wordpress/wp-admin/setup-config.php
[Tue May 22 18:00:52.693291 2018] [php7:warn] [pid 7912:tid 1932] [client ::1:25945] PHP Warning:  Use of undefined constant DB_PASSWORD - assumed 'DB_PASSWORD' (this will throw an Error in a future version of PHP) in C:\\xampp\\htdocs\\wordpress\\wp-includes\\load.php on line 404, referer: http://localhost/wordpress/wp-admin/setup-config.php
[Tue May 22 18:00:52.693291 2018] [php7:warn] [pid 7912:tid 1932] [client ::1:25945] PHP Warning:  Use of undefined constant DB_NAME - assumed 'DB_NAME' (this will throw an Error in a future version of PHP) in C:\\xampp\\htdocs\\wordpress\\wp-includes\\load.php on line 404, referer: http://localhost/wordpress/wp-admin/setup-config.php
[Tue May 22 18:00:52.693791 2018] [php7:warn] [pid 7912:tid 1932] [client ::1:25945] PHP Warning:  Use of undefined constant DB_HOST - assumed 'DB_HOST' (this will throw an Error in a future version of PHP) in C:\\xampp\\htdocs\\wordpress\\wp-includes\\load.php on line 404, referer: http://localhost/wordpress/wp-admin/setup-config.php
[Tue May 22 18:02:00.839342 2018] [php7:warn] [pid 7912:tid 1932] [client ::1:25970] PHP Warning:  Use of undefined constant DB_USER - assumed 'DB_USER' (this will throw an Error in a future version of PHP) in C:\\xampp\\htdocs\\wordpress\\wp-includes\\load.php on line 404, referer: http://localhost/wordpress/wp-admin/setup-config.php?step=0
[Tue May 22 18:02:00.839843 2018] [php7:warn] [pid 7912:tid 1932] [client ::1:25970] PHP Warning:  Use of undefined constant DB_PASSWORD - assumed 'DB_PASSWORD' (this will throw an Error in a future version of PHP) in C:\\xampp\\htdocs\\wordpress\\wp-includes\\load.php on line 404, referer: http://localhost/wordpress/wp-admin/setup-config.php?step=0
[Tue May 22 18:02:00.839843 2018] [php7:warn] [pid 7912:tid 1932] [client ::1:25970] PHP Warning:  Use of undefined constant DB_NAME - assumed 'DB_NAME' (this will throw an Error in a future version of PHP) in C:\\xampp\\htdocs\\wordpress\\wp-includes\\load.php on line 404, referer: http://localhost/wordpress/wp-admin/setup-config.php?step=0
[Tue May 22 18:02:00.840343 2018] [php7:warn] [pid 7912:tid 1932] [client ::1:25970] PHP Warning:  Use of undefined constant DB_HOST - assumed 'DB_HOST' (this will throw an Error in a future version of PHP) in C:\\xampp\\htdocs\\wordpress\\wp-includes\\load.php on line 404, referer: http://localhost/wordpress/wp-admin/setup-config.php?step=0
[Tue May 22 18:04:41.273054 2018] [php7:warn] [pid 7912:tid 1932] [client ::1:26057] PHP Warning:  Use of undefined constant DB_USER - assumed 'DB_USER' (this will throw an Error in a future version of PHP) in C:\\xampp\\htdocs\\wordpress\\wp-includes\\load.php on line 404, referer: http://localhost/wordpress/wp-admin/setup-config.php?step=1&language=es_ES
[Tue May 22 18:04:41.273554 2018] [php7:warn] [pid 7912:tid 1932] [client ::1:26057] PHP Warning:  Use of undefined constant DB_PASSWORD - assumed 'DB_PASSWORD' (this will throw an Error in a future version of PHP) in C:\\xampp\\htdocs\\wordpress\\wp-includes\\load.php on line 404, referer: http://localhost/wordpress/wp-admin/setup-config.php?step=1&language=es_ES
[Tue May 22 18:04:41.274054 2018] [php7:warn] [pid 7912:tid 1932] [client ::1:26057] PHP Warning:  Use of undefined constant DB_NAME - assumed 'DB_NAME' (this will throw an Error in a future version of PHP) in C:\\xampp\\htdocs\\wordpress\\wp-includes\\load.php on line 404, referer: http://localhost/wordpress/wp-admin/setup-config.php?step=1&language=es_ES
[Tue May 22 18:04:41.275055 2018] [php7:warn] [pid 7912:tid 1932] [client ::1:26057] PHP Warning:  Use of undefined constant DB_HOST - assumed 'DB_HOST' (this will throw an Error in a future version of PHP) in C:\\xampp\\htdocs\\wordpress\\wp-includes\\load.php on line 404, referer: http://localhost/wordpress/wp-admin/setup-config.php?step=1&language=es_ES
[Tue May 22 18:05:55.211977 2018] [php7:warn] [pid 7912:tid 1932] [client ::1:26106] PHP Warning:  Use of undefined constant DB_USER - assumed 'DB_USER' (this will throw an Error in a future version of PHP) in C:\\xampp\\htdocs\\wordpress\\wp-includes\\load.php on line 404, referer: http://localhost/wordpress/wp-admin/setup-config.php?step=1&language=es_ES
[Tue May 22 18:05:55.212478 2018] [php7:warn] [pid 7912:tid 1932] [client ::1:26106] PHP Warning:  Use of undefined constant DB_PASSWORD - assumed 'DB_PASSWORD' (this will throw an Error in a future version of PHP) in C:\\xampp\\htdocs\\wordpress\\wp-includes\\load.php on line 404, referer: http://localhost/wordpress/wp-admin/setup-config.php?step=1&language=es_ES
[Tue May 22 18:05:55.212978 2018] [php7:warn] [pid 7912:tid 1932] [client ::1:26106] PHP Warning:  Use of undefined constant DB_NAME - assumed 'DB_NAME' (this will throw an Error in a future version of PHP) in C:\\xampp\\htdocs\\wordpress\\wp-includes\\load.php on line 404, referer: http://localhost/wordpress/wp-admin/setup-config.php?step=1&language=es_ES
[Tue May 22 18:05:55.213478 2018] [php7:warn] [pid 7912:tid 1932] [client ::1:26106] PHP Warning:  Use of undefined constant DB_HOST - assumed 'DB_HOST' (this will throw an Error in a future version of PHP) in C:\\xampp\\htdocs\\wordpress\\wp-includes\\load.php on line 404, referer: http://localhost/wordpress/wp-admin/setup-config.php?step=1&language=es_ES
[Tue May 22 18:07:05.781493 2018] [php7:warn] [pid 7912:tid 1932] [client ::1:26173] PHP Warning:  Use of undefined constant DB_USER - assumed 'DB_USER' (this will throw an Error in a future version of PHP) in C:\\xampp\\htdocs\\wordpress\\wp-includes\\load.php on line 404, referer: http://localhost/wordpress/wp-admin/setup-config.php?step=1&language=es_ES
[Tue May 22 18:07:05.781995 2018] [php7:warn] [pid 7912:tid 1932] [client ::1:26173] PHP Warning:  Use of undefined constant DB_PASSWORD - assumed 'DB_PASSWORD' (this will throw an Error in a future version of PHP) in C:\\xampp\\htdocs\\wordpress\\wp-includes\\load.php on line 404, referer: http://localhost/wordpress/wp-admin/setup-config.php?step=1&language=es_ES
[Tue May 22 18:07:05.782494 2018] [php7:warn] [pid 7912:tid 1932] [client ::1:26173] PHP Warning:  Use of undefined constant DB_NAME - assumed 'DB_NAME' (this will throw an Error in a future version of PHP) in C:\\xampp\\htdocs\\wordpress\\wp-includes\\load.php on line 404, referer: http://localhost/wordpress/wp-admin/setup-config.php?step=1&language=es_ES
[Tue May 22 18:07:05.782994 2018] [php7:warn] [pid 7912:tid 1932] [client ::1:26173] PHP Warning:  Use of undefined constant DB_HOST - assumed 'DB_HOST' (this will throw an Error in a future version of PHP) in C:\\xampp\\htdocs\\wordpress\\wp-includes\\load.php on line 404, referer: http://localhost/wordpress/wp-admin/setup-config.php?step=1&language=es_ES
[Tue May 22 18:07:06.492016 2018] [php7:notice] [pid 7912:tid 1932] [client ::1:26173] Error Unknown column 'wp_' in 'field list' de la base de datos de WordPress para la consulta SELECT wp_, referer: http://localhost/wordpress/wp-admin/setup-config.php?step=1&language=es_ES
[Wed May 23 09:21:53.209286 2018] [ssl:warn] [pid 4412:tid 208] AH01909: www.example.com:443:0 server certificate does NOT include an ID which matches the server name
[Wed May 23 09:21:53.619006 2018] [core:warn] [pid 4412:tid 208] AH00098: pid file C:/xampp/apache/logs/httpd.pid overwritten -- Unclean shutdown of previous Apache run?
[Wed May 23 09:21:53.628750 2018] [ssl:warn] [pid 4412:tid 208] AH01909: www.example.com:443:0 server certificate does NOT include an ID which matches the server name
[Wed May 23 09:21:58.025471 2018] [mpm_winnt:notice] [pid 4412:tid 208] AH00455: Apache/2.4.33 (Win32) OpenSSL/1.1.0h PHP/7.2.5 configured -- resuming normal operations
[Wed May 23 09:21:58.025471 2018] [mpm_winnt:notice] [pid 4412:tid 208] AH00456: Apache Lounge VC15 Server built: Mar 28 2018 12:12:41
[Wed May 23 09:21:58.025471 2018] [core:notice] [pid 4412:tid 208] AH00094: Command line: 'c:\\xampp\\apache\\bin\\httpd.exe -d C:/xampp/apache'
[Wed May 23 09:21:58.031475 2018] [mpm_winnt:notice] [pid 4412:tid 208] AH00418: Parent: Created child process 10212
[Wed May 23 09:21:59.312386 2018] [ssl:warn] [pid 10212:tid 724] AH01909: www.example.com:443:0 server certificate does NOT include an ID which matches the server name
[Wed May 23 09:21:59.454487 2018] [ssl:warn] [pid 10212:tid 724] AH01909: www.example.com:443:0 server certificate does NOT include an ID which matches the server name
[Wed May 23 09:21:59.518532 2018] [mpm_winnt:notice] [pid 10212:tid 724] AH00354: Child: Starting 150 worker threads.
[Wed May 23 10:11:55.439273 2018] [php7:warn] [pid 10212:tid 1896] [client ::1:34893] PHP Warning:  call_user_func_array() expects parameter 1 to be a valid callback, function 'mis_menu' not found or invalid function name in C:\\xampp\\htdocs\\wordpress\\wp-includes\\class-wp-hook.php on line 286, referer: http://localhost/wordpress/
[Wed May 23 10:12:56.460639 2018] [php7:warn] [pid 10212:tid 1896] [client ::1:34915] PHP Warning:  call_user_func_array() expects parameter 1 to be a valid callback, function 'mis_menu' not found or invalid function name in C:\\xampp\\htdocs\\wordpress\\wp-includes\\class-wp-hook.php on line 286, referer: http://localhost/wordpress/wp-admin/
[Wed May 23 10:13:38.155200 2018] [php7:warn] [pid 10212:tid 1896] [client ::1:34927] PHP Warning:  call_user_func_array() expects parameter 1 to be a valid callback, function 'mis_menu' not found or invalid function name in C:\\xampp\\htdocs\\wordpress\\wp-includes\\class-wp-hook.php on line 286, referer: http://localhost/wordpress/
[Wed May 23 10:14:32.505861 2018] [php7:warn] [pid 10212:tid 1896] [client ::1:34944] PHP Warning:  call_user_func_array() expects parameter 1 to be a valid callback, function 'mis_menu' not found or invalid function name in C:\\xampp\\htdocs\\wordpress\\wp-includes\\class-wp-hook.php on line 286, referer: http://localhost/wordpress/
[Wed May 23 10:14:36.219260 2018] [php7:warn] [pid 10212:tid 1896] [client ::1:34944] PHP Warning:  call_user_func_array() expects parameter 1 to be a valid callback, function 'mis_menu' not found or invalid function name in C:\\xampp\\htdocs\\wordpress\\wp-includes\\class-wp-hook.php on line 286, referer: http://localhost/wordpress/wp-admin/
[Wed May 23 10:15:37.184434 2018] [php7:warn] [pid 10212:tid 1896] [client ::1:34964] PHP Warning:  call_user_func_array() expects parameter 1 to be a valid callback, function 'mis_menu' not found or invalid function name in C:\\xampp\\htdocs\\wordpress\\wp-includes\\class-wp-hook.php on line 286, referer: http://localhost/wordpress/wp-admin/themes.php
[Wed May 23 10:37:08.207741 2018] [php7:crit] [pid 10212:tid 1896] [client ::1:35446] PHP Parse error:  syntax error, unexpected end of file in C:\\xampp\\htdocs\\wordpress\\wp-content\\themes\\ic-plantilla\\single.php on line 19, referer: http://localhost/wordpress/wp-admin/post.php?post=16&action=edit
[Wed May 23 10:37:30.294716 2018] [php7:crit] [pid 10212:tid 1936] [client ::1:35463] PHP Parse error:  syntax error, unexpected '_excerpt' (T_STRING) in C:\\xampp\\htdocs\\wordpress\\wp-content\\themes\\ic-plantilla\\home.php on line 15, referer: http://localhost/wordpress/
[Wed May 23 10:43:59.822120 2018] [php7:crit] [pid 10212:tid 1936] [client ::1:35749] PHP Parse error:  syntax error, unexpected end of file in C:\\xampp\\htdocs\\wordpress\\wp-content\\themes\\ic-plantilla\\single.php on line 19, referer: http://localhost/wordpress/wp-admin/edit.php
[Wed May 23 10:44:29.371482 2018] [php7:crit] [pid 10212:tid 1936] [client ::1:35758] PHP Parse error:  syntax error, unexpected end of file in C:\\xampp\\htdocs\\wordpress\\wp-content\\themes\\ic-plantilla\\single.php on line 19, referer: http://localhost/wordpress/wp-admin/edit.php
[Wed May 23 10:44:38.470982 2018] [php7:crit] [pid 10212:tid 1936] [client ::1:35764] PHP Parse error:  syntax error, unexpected end of file in C:\\xampp\\htdocs\\wordpress\\wp-content\\themes\\ic-plantilla\\single.php on line 19, referer: http://localhost/wordpress/wp-admin/edit.php
[Wed May 23 10:45:00.470284 2018] [php7:crit] [pid 10212:tid 1936] [client ::1:35777] PHP Parse error:  syntax error, unexpected end of file in C:\\xampp\\htdocs\\wordpress\\wp-content\\themes\\ic-plantilla\\single.php on line 11, referer: http://localhost/wordpress/wp-admin/edit.php
[Wed May 23 10:45:14.175039 2018] [php7:crit] [pid 10212:tid 1936] [client ::1:35783] PHP Parse error:  syntax error, unexpected end of file in C:\\xampp\\htdocs\\wordpress\\wp-content\\themes\\ic-plantilla\\single.php on line 18, referer: http://localhost/wordpress/wp-admin/edit.php
[Wed May 23 10:46:45.119653 2018] [php7:error] [pid 10212:tid 1936] [client ::1:35809] PHP Fatal error:  Uncaught Error: Call to undefined function the_tittle() in C:\\xampp\\htdocs\\wordpress\\wp-content\\themes\\ic-plantilla\\single.php:5\nStack trace:\n#0 C:\\xampp\\htdocs\\wordpress\\wp-includes\\template-loader.php(74): include()\n#1 C:\\xampp\\htdocs\\wordpress\\wp-blog-header.php(19): require_once('C:\\\\xampp\\\\htdocs...')\n#2 C:\\xampp\\htdocs\\wordpress\\index.php(17): require('C:\\\\xampp\\\\htdocs...')\n#3 {main}\n  thrown in C:\\xampp\\htdocs\\wordpress\\wp-content\\themes\\ic-plantilla\\single.php on line 5, referer: http://localhost/wordpress/wp-admin/edit.php
[Wed May 23 10:47:04.608783 2018] [php7:crit] [pid 10212:tid 1936] [client ::1:35818] PHP Parse error:  syntax error, unexpected '_excerpt' (T_STRING) in C:\\xampp\\htdocs\\wordpress\\wp-content\\themes\\ic-plantilla\\home.php on line 15, referer: http://localhost/wordpress/2018/05/23/club-bull-tennis/
[Wed May 23 10:47:19.041152 2018] [php7:error] [pid 10212:tid 1936] [client ::1:35851] PHP Fatal error:  Uncaught Error: Call to undefined function have_post() in C:\\xampp\\htdocs\\wordpress\\wp-content\\themes\\ic-plantilla\\home.php:4\nStack trace:\n#0 C:\\xampp\\htdocs\\wordpress\\wp-includes\\template-loader.php(74): include()\n#1 C:\\xampp\\htdocs\\wordpress\\wp-blog-header.php(19): require_once('C:\\\\xampp\\\\htdocs...')\n#2 C:\\xampp\\htdocs\\wordpress\\index.php(17): require('C:\\\\xampp\\\\htdocs...')\n#3 {main}\n  thrown in C:\\xampp\\htdocs\\wordpress\\wp-content\\themes\\ic-plantilla\\home.php on line 4, referer: http://localhost/wordpress/2018/05/23/club-bull-tennis/
[Wed May 23 10:48:10.684963 2018] [php7:error] [pid 10212:tid 1936] [client ::1:35872] PHP Fatal error:  Uncaught Error: Call to undefined function have_post() in C:\\xampp\\htdocs\\wordpress\\wp-content\\themes\\ic-plantilla\\home.php:6\nStack trace:\n#0 C:\\xampp\\htdocs\\wordpress\\wp-includes\\template-loader.php(74): include()\n#1 C:\\xampp\\htdocs\\wordpress\\wp-blog-header.php(19): require_once('C:\\\\xampp\\\\htdocs...')\n#2 C:\\xampp\\htdocs\\wordpress\\index.php(17): require('C:\\\\xampp\\\\htdocs...')\n#3 {main}\n  thrown in C:\\xampp\\htdocs\\wordpress\\wp-content\\themes\\ic-plantilla\\home.php on line 6, referer: http://localhost/wordpress/2018/05/23/club-bull-tennis/
